2020-04-23 22:50:13,890 INFO o.a.j.u.JMeterUtils: Setting Locale to en_US
2020-04-23 22:50:13,905 INFO o.a.j.JMeter: Loading user properties from: user.properties
2020-04-23 22:50:13,906 INFO o.a.j.JMeter: Loading system properties from: system.properties
2020-04-23 22:50:13,907 INFO o.a.j.JMeter: Loading additional properties from: C:\Users\kevingao\Workspace\hackathon\jmeter-load-test\bin\reportgenerator.properties
2020-04-23 22:50:13,909 INFO o.a.j.JMeter: Copyright (c) 1998-2019 The Apache Software Foundation
2020-04-23 22:50:13,910 INFO o.a.j.JMeter: Version 5.2.1
2020-04-23 22:50:13,910 INFO o.a.j.JMeter: java.version=1.8.0_251
2020-04-23 22:50:13,910 INFO o.a.j.JMeter: java.vm.name=Java HotSpot(TM) 64-Bit Server VM
2020-04-23 22:50:13,910 INFO o.a.j.JMeter: os.name=Windows 10
2020-04-23 22:50:13,910 INFO o.a.j.JMeter: os.arch=amd64
2020-04-23 22:50:13,910 INFO o.a.j.JMeter: os.version=10.0
2020-04-23 22:50:13,910 INFO o.a.j.JMeter: file.encoding=Cp1252
2020-04-23 22:50:13,910 INFO o.a.j.JMeter: java.awt.headless=true
2020-04-23 22:50:13,910 INFO o.a.j.JMeter: Max memory     =28631367680
2020-04-23 22:50:13,910 INFO o.a.j.JMeter: Available Processors =40
2020-04-23 22:50:13,914 INFO o.a.j.JMeter: Default Locale=English (United States)
2020-04-23 22:50:13,914 INFO o.a.j.JMeter: JMeter  Locale=English (United States)
2020-04-23 22:50:13,914 INFO o.a.j.JMeter: JMeterHome=C:\Users\kevingao\Workspace\hackathon\jmeter-load-test
2020-04-23 22:50:13,915 INFO o.a.j.JMeter: user.dir  =C:\Users\kevingao\Workspace\hackathon\jmeter-load-test\bin
2020-04-23 22:50:13,915 INFO o.a.j.JMeter: PWD       =C:\Users\kevingao\Workspace\hackathon\jmeter-load-test\bin
2020-04-23 22:50:13,917 INFO o.a.j.JMeter: IP: 10.163.210.41 Name: KEVINGAO-Z840 FullName: host.docker.internal
2020-04-23 22:50:13,920 INFO o.a.j.JMeter: Setting property 'jmeter.reportgenerator.outputdir' to:'C:\Users\kevingao\Workspace\hackathon\jmeter-load-test\bin\templates\CovidSafePlans\report-1'
2020-04-23 22:50:13,925 INFO o.a.j.r.d.ReportGenerator: ReportGenerator will use for Parsing the separator: ','
2020-04-23 22:50:13,925 INFO o.a.j.r.d.ReportGenerator: Will only generate report from results file: C:\Users\kevingao\Workspace\hackathon\jmeter-load-test\bin\templates\CovidSafePlans\summary.csv
2020-04-23 22:50:13,925 INFO o.a.j.r.d.ReportGenerator: Reading report generator properties from: C:\Users\kevingao\Workspace\hackathon\jmeter-load-test\bin\reportgenerator.properties
2020-04-23 22:50:13,926 INFO o.a.j.r.d.ReportGenerator: Merging with JMeter properties
2020-04-23 22:50:13,932 INFO o.a.j.r.c.ReportGeneratorConfiguration: Property 'jmeter.reportgenerator.temp_dir' not found, using default value 'temp' instead.
2020-04-23 22:50:13,936 INFO o.a.j.r.c.ReportGeneratorConfiguration: Property 'jmeter.reportgenerator.apdex_per_transaction' not found, using default value 'null' instead.
2020-04-23 22:50:13,939 INFO o.a.j.r.c.ReportGeneratorConfiguration: apdex_per_transaction is empty, not APDEX per transaction customization
2020-04-23 22:50:13,939 INFO o.a.j.r.c.ReportGeneratorConfiguration: Property 'jmeter.reportgenerator.sample_filter' not found, using default value 'null' instead.
2020-04-23 22:50:13,939 INFO o.a.j.r.c.ReportGeneratorConfiguration: Property 'jmeter.reportgenerator.report_title' not found, using default value 'null' instead.
2020-04-23 22:50:13,939 INFO o.a.j.r.c.ReportGeneratorConfiguration: Property 'jmeter.reportgenerator.start_date' not found, using default value 'null' instead.
2020-04-23 22:50:13,940 INFO o.a.j.r.c.ReportGeneratorConfiguration: Property 'jmeter.reportgenerator.end_date' not found, using default value 'null' instead.
2020-04-23 22:50:13,940 INFO o.a.j.r.c.ReportGeneratorConfiguration: Property 'jmeter.reportgenerator.date_format' not found, using default value 'null' instead.
2020-04-23 22:50:13,940 INFO o.a.j.r.c.ReportGeneratorConfiguration: Will use date range start date: null, end date: null
2020-04-23 22:50:13,945 INFO o.a.j.r.c.ReportGeneratorConfiguration: Property 'jmeter.reportgenerator.graph.totalTPS.exclude_controllers' not found, using default value 'false' instead.
2020-04-23 22:50:13,945 INFO o.a.j.r.c.ReportGeneratorConfiguration: Property 'jmeter.reportgenerator.graph.activeThreadsOverTime.exclude_controllers' not found, using default value 'false' instead.
2020-04-23 22:50:13,945 INFO o.a.j.r.c.ReportGeneratorConfiguration: Property 'jmeter.reportgenerator.graph.timeVsThreads.exclude_controllers' not found, using default value 'false' instead.
2020-04-23 22:50:13,945 INFO o.a.j.r.c.ReportGeneratorConfiguration: Property 'jmeter.reportgenerator.graph.responseTimeDistribution.exclude_controllers' not found, using default value 'false' instead.
2020-04-23 22:50:13,946 INFO o.a.j.r.c.ReportGeneratorConfiguration: Property 'jmeter.reportgenerator.graph.transactionsPerSecond.exclude_controllers' not found, using default value 'false' instead.
2020-04-23 22:50:13,946 INFO o.a.j.r.c.ReportGeneratorConfiguration: Property 'jmeter.reportgenerator.graph.responseTimePercentiles.exclude_controllers' not found, using default value 'false' instead.
2020-04-23 22:50:13,946 INFO o.a.j.r.c.ReportGeneratorConfiguration: Property 'jmeter.reportgenerator.graph.responseTimePercentilesOverTime.exclude_controllers' not found, using default value 'false' instead.
2020-04-23 22:50:13,946 INFO o.a.j.r.c.ReportGeneratorConfiguration: Property 'jmeter.reportgenerator.graph.responseTimesOverTime.exclude_controllers' not found, using default value 'false' instead.
2020-04-23 22:50:13,946 INFO o.a.j.r.c.ReportGeneratorConfiguration: Property 'jmeter.reportgenerator.graph.connectTimeOverTime.exclude_controllers' not found, using default value 'false' instead.
2020-04-23 22:50:13,947 INFO o.a.j.r.c.ReportGeneratorConfiguration: Property 'jmeter.reportgenerator.graph.latenciesOverTime.exclude_controllers' not found, using default value 'false' instead.
2020-04-23 22:50:13,947 INFO o.a.j.r.c.ReportGeneratorConfiguration: Property 'jmeter.reportgenerator.exporter.json.filters_only_sample_series' not found, using default value 'true' instead.
2020-04-23 22:50:13,948 INFO o.a.j.r.c.ReportGeneratorConfiguration: Property 'jmeter.reportgenerator.exporter.json.series_filter' not found, using default value '' instead.
2020-04-23 22:50:13,948 INFO o.a.j.r.c.ReportGeneratorConfiguration: Property 'jmeter.reportgenerator.exporter.json.show_controllers_only' not found, using default value 'false' instead.
2020-04-23 22:50:13,948 INFO o.a.j.r.c.ReportGeneratorConfiguration: Property 'jmeter.reportgenerator.exporter.html.filters_only_sample_series' not found, using default value 'true' instead.
2020-04-23 22:50:13,948 INFO o.a.j.r.c.ReportGeneratorConfiguration: Property 'jmeter.reportgenerator.exporter.html.series_filter' not found, using default value '' instead.
2020-04-23 22:50:13,949 INFO o.a.j.r.c.ReportGeneratorConfiguration: Property 'jmeter.reportgenerator.exporter.html.show_controllers_only' not found, using default value 'false' instead.
2020-04-23 22:50:14,110 INFO o.a.j.s.SaveService: Testplan (JMX) version: 2.2. Testlog (JTL) version: 2.2
2020-04-23 22:50:14,118 INFO o.a.j.s.SaveService: Using SaveService properties file encoding UTF-8
2020-04-23 22:50:14,124 INFO o.a.j.s.SaveService: Using SaveService properties version 5.0
2020-04-23 22:50:14,166 INFO o.a.j.r.p.NormalizerSampleConsumer: Using format, 'ms', to parse timeStamp field
2020-04-23 22:50:14,559 INFO o.a.j.r.p.AbstractSampleConsumer: class org.apache.jmeter.report.processor.AggregateConsumer#stopProducing(): beginDate produced 0 samples
2020-04-23 22:50:14,560 INFO o.a.j.r.p.AbstractSampleConsumer: class org.apache.jmeter.report.processor.AggregateConsumer#stopProducing(): endDate produced 0 samples
2020-04-23 22:50:14,562 INFO o.a.j.r.p.AbstractSampleConsumer: class org.apache.jmeter.report.processor.ApdexSummaryConsumer#stopProducing(): apdexSummary produced 0 samples
2020-04-23 22:50:14,562 INFO o.a.j.r.p.AbstractSampleConsumer: class org.apache.jmeter.report.processor.RequestsSummaryConsumer#stopProducing(): requestsSummary produced 0 samples
2020-04-23 22:50:14,572 INFO o.a.j.r.p.AbstractSampleConsumer: class org.apache.jmeter.report.processor.StatisticsSummaryConsumer#stopProducing(): statisticsSummary produced 0 samples
2020-04-23 22:50:14,580 INFO o.a.j.r.p.AbstractSampleConsumer: class org.apache.jmeter.report.processor.Top5ErrorsBySamplerConsumer#stopProducing(): top5ErrorsBySampler produced 0 samples
2020-04-23 22:50:14,581 INFO o.a.j.r.p.AbstractSampleConsumer: class org.apache.jmeter.report.processor.ErrorsSummaryConsumer#stopProducing(): errorsSummary produced 0 samples
2020-04-23 22:50:14,581 INFO o.a.j.r.p.AbstractSampleConsumer: class org.apache.jmeter.report.processor.graph.impl.HitsPerSecondGraphConsumer#stopProducing(): hitsPerSecond produced 0 samples
2020-04-23 22:50:14,680 INFO o.a.j.r.p.AbstractSampleConsumer: class org.apache.jmeter.report.processor.graph.impl.LatencyVSRequestGraphConsumer#stopProducing(): latencyVsRequest produced 0 samples
2020-04-23 22:50:14,682 INFO o.a.j.r.p.AbstractSampleConsumer: class org.apache.jmeter.report.processor.graph.impl.SyntheticResponseTimeDistributionGraphConsumer#stopProducing(): syntheticResponseTimeDistribution produced 0 samples
2020-04-23 22:50:14,682 INFO o.a.j.r.p.AbstractSampleConsumer: class org.apache.jmeter.report.processor.graph.impl.BytesThroughputGraphConsumer#stopProducing(): bytesThroughputOverTime produced 0 samples
2020-04-23 22:50:14,682 INFO o.a.j.r.p.AbstractSampleConsumer: class org.apache.jmeter.report.processor.graph.impl.CodesPerSecondGraphConsumer#stopProducing(): codesPerSecond produced 0 samples
2020-04-23 22:50:14,771 INFO o.a.j.r.p.AbstractSampleConsumer: class org.apache.jmeter.report.processor.graph.impl.ResponseTimeVSRequestGraphConsumer#stopProducing(): responseTimeVsRequest produced 0 samples
2020-04-23 22:50:14,772 INFO o.a.j.r.p.AbstractSampleConsumer: class org.apache.jmeter.report.processor.FilterConsumer#stopProducing(): startIntervalControlerFilter produced 35000 samples
2020-04-23 22:50:14,772 INFO o.a.j.r.p.AbstractSampleConsumer: class org.apache.jmeter.report.processor.graph.impl.TotalTPSGraphConsumer#stopProducing(): totalTPS produced 0 samples
2020-04-23 22:50:14,772 INFO o.a.j.r.p.AbstractSampleConsumer: class org.apache.jmeter.report.processor.graph.impl.ActiveThreadsGraphConsumer#stopProducing(): activeThreadsOverTime produced 0 samples
2020-04-23 22:50:14,773 INFO o.a.j.r.p.AbstractSampleConsumer: class org.apache.jmeter.report.processor.graph.impl.TimeVSThreadGraphConsumer#stopProducing(): timeVsThreads produced 0 samples
2020-04-23 22:50:14,774 INFO o.a.j.r.p.AbstractSampleConsumer: class org.apache.jmeter.report.processor.graph.impl.ResponseTimeDistributionGraphConsumer#stopProducing(): responseTimeDistribution produced 0 samples
2020-04-23 22:50:14,775 INFO o.a.j.r.p.AbstractSampleConsumer: class org.apache.jmeter.report.processor.graph.impl.TransactionsPerSecondGraphConsumer#stopProducing(): transactionsPerSecond produced 0 samples
2020-04-23 22:50:14,775 INFO o.a.j.r.p.AbstractSampleConsumer: class org.apache.jmeter.report.processor.graph.impl.ResponseTimePercentilesGraphConsumer#stopProducing(): responseTimePercentiles produced 0 samples
2020-04-23 22:50:14,782 INFO o.a.j.r.p.AbstractSampleConsumer: class org.apache.jmeter.report.processor.graph.impl.ResponseTimePercentilesOverTimeGraphConsumer#stopProducing(): responseTimePercentilesOverTime produced 0 samples
2020-04-23 22:50:14,782 INFO o.a.j.r.p.AbstractSampleConsumer: class org.apache.jmeter.report.processor.graph.impl.ResponseTimeOverTimeGraphConsumer#stopProducing(): responseTimesOverTime produced 0 samples
2020-04-23 22:50:14,783 INFO o.a.j.r.p.AbstractSampleConsumer: class org.apache.jmeter.report.processor.graph.impl.ConnectTimeOverTimeGraphConsumer#stopProducing(): connectTimeOverTime produced 0 samples
2020-04-23 22:50:14,783 INFO o.a.j.r.p.AbstractSampleConsumer: class org.apache.jmeter.report.processor.graph.impl.LatencyOverTimeGraphConsumer#stopProducing(): latenciesOverTime produced 0 samples
2020-04-23 22:50:14,783 INFO o.a.j.r.p.AbstractSampleConsumer: class org.apache.jmeter.report.processor.FilterConsumer#stopProducing(): nameFilter produced 75000 samples
2020-04-23 22:50:14,783 INFO o.a.j.r.p.AbstractSampleConsumer: class org.apache.jmeter.report.processor.FilterConsumer#stopProducing(): dateRangeFilter produced 15000 samples
2020-04-23 22:50:14,783 INFO o.a.j.r.p.AbstractSampleConsumer: class org.apache.jmeter.report.processor.NormalizerSampleConsumer#stopProducing(): normalizer produced 5000 samples
2020-04-23 22:50:14,784 INFO o.a.j.r.p.CsvFileSampleSource: produce(): 5000 samples produced in 586ms on channel 0
2020-04-23 22:50:14,784 INFO o.a.j.r.d.ReportGenerator: Exporting data using exporter:'json' of className:'org.apache.jmeter.report.dashboard.JsonExporter'
2020-04-23 22:50:14,786 INFO o.a.j.r.d.JsonExporter: Found data for consumer statisticsSummary in context
2020-04-23 22:50:14,787 INFO o.a.j.r.d.JsonExporter: Creating statistics for overall
2020-04-23 22:50:14,787 INFO o.a.j.r.d.JsonExporter: Creating statistics for other transactions
2020-04-23 22:50:14,788 INFO o.a.j.r.d.JsonExporter: Checking output folder
2020-04-23 22:50:14,789 INFO o.a.j.r.d.JsonExporter: Writing statistics JSON to C:\Users\kevingao\Workspace\hackathon\jmeter-load-test\bin\templates\CovidSafePlans\report-1\statistics.json
2020-04-23 22:50:15,028 INFO o.a.j.r.d.ReportGenerator: Exporting data using exporter:'html' of className:'org.apache.jmeter.report.dashboard.HtmlTemplateExporter'
2020-04-23 22:50:15,031 INFO o.a.j.r.d.HtmlTemplateExporter: Will generate dashboard in folder: C:\Users\kevingao\Workspace\hackathon\jmeter-load-test\bin\templates\CovidSafePlans\report-1
2020-04-23 22:50:15,126 INFO o.a.j.r.d.HtmlTemplateExporter: Report will be generated in: C:\Users\kevingao\Workspace\hackathon\jmeter-load-test\bin\templates\CovidSafePlans\report-1, creating folder structure
2020-04-23 22:50:15,129 INFO o.a.j.r.d.TemplateVisitor: Copying folder from 'C:\Users\kevingao\Workspace\hackathon\jmeter-load-test\bin\report-template' to 'C:\Users\kevingao\Workspace\hackathon\jmeter-load-test\bin\templates\CovidSafePlans\report-1', got message: C:\Users\kevingao\Workspace\hackathon\jmeter-load-test\bin\templates\CovidSafePlans\report-1, found non empty folder with following content [C:\Users\kevingao\Workspace\hackathon\jmeter-load-test\bin\templates\CovidSafePlans\report-1\statistics.json], will be ignored
